<?xml version="1.0" encoding="UTF-8"?>
<!-- Generated by org.testng.reporters.JUnitReportReporter -->
<testsuite hostname="Sayali" failures="0" tests="1" name="RestAssured.RestAssuredProject.Path_QueryParam" time="2.375" errors="0" timestamp="2024-06-14T20:39:43 IST" skipped="0">
  <testcase classname="RestAssured.RestAssuredProject.Path_QueryParam" name="parameters" time="2.375"/>
</testsuite> <!-- RestAssured.RestAssuredProject.Path_QueryParam -->
