<?xml version="1.0" encoding="UTF-8"?>
<!-- Generated by org.testng.reporters.JUnitReportReporter -->
<testsuite hostname="Sayali" failures="0" tests="2" name="RestAssured.RestAssuredProject.CookiesandHeaders" time="2.961" errors="0" timestamp="2024-06-15T15:50:10 IST" skipped="0">
  <testcase classname="RestAssured.RestAssuredProject.CookiesandHeaders" name="allCookies" time="2.445"/>
  <testcase classname="RestAssured.RestAssuredProject.CookiesandHeaders" name="cookies" time="0.516"/>
</testsuite> <!-- RestAssured.RestAssuredProject.CookiesandHeaders -->
