<?xml version="1.0" encoding="UTF-8"?>
<!-- Generated by org.testng.reporters.JUnitReportReporter -->
<testsuite hostname="Sayali" failures="0" tests="4" name="RestAssured.RestAssuredProject.HTTPRequest" time="6.664" errors="0" timestamp="2024-06-13T18:30:53 IST" skipped="0">
  <testcase classname="RestAssured.RestAssuredProject.HTTPRequest" name="getUser" time="3.306"/>
  <testcase classname="RestAssured.RestAssuredProject.HTTPRequest" name="addUser" time="2.103"/>
  <testcase classname="RestAssured.RestAssuredProject.HTTPRequest" name="updateUser" time="0.587"/>
  <testcase classname="RestAssured.RestAssuredProject.HTTPRequest" name="deleteUser" time="0.668"/>
</testsuite> <!-- RestAssured.RestAssuredProject.HTTPRequest -->
