<?xml version="1.0" encoding="UTF-8"?>
<!-- Generated by org.testng.reporters.JUnitReportReporter -->
<testsuite hostname="Sayali" failures="0" tests="4" name="RestAssured.RestAssuredProject.WaysToCreatePostRequest" time="5.256" errors="0" timestamp="2024-06-14T20:38:33 IST" skipped="0">
  <testcase classname="RestAssured.RestAssuredProject.WaysToCreatePostRequest" name="postReqUsingJSONLibrary" time="4.082"/>
  <testcase classname="RestAssured.RestAssuredProject.WaysToCreatePostRequest" name="pojoPostRequest" time="0.993"/>
  <testcase classname="RestAssured.RestAssuredProject.WaysToCreatePostRequest" name="postReqUsingExternalFile" time="0.114"/>
  <testcase classname="RestAssured.RestAssuredProject.WaysToCreatePostRequest" name="updateData" time="0.067"/>
</testsuite> <!-- RestAssured.RestAssuredProject.WaysToCreatePostRequest -->
