<?xml version="1.0" encoding="UTF-8"?>
<!-- Generated by org.testng.reporters.JUnitReportReporter -->
<testsuite hostname="Sayali" failures="0" tests="1" name="RestAssured.RestAssuredProject.PutRequest" time="3.154" errors="0" timestamp="2024-06-23T14:28:11 IST" skipped="0">
  <testcase classname="RestAssured.RestAssuredProject.PutRequest" name="updateData" time="3.154"/>
</testsuite> <!-- RestAssured.RestAssuredProject.PutRequest -->
